<?xml version="1.0" encoding="UTF-8"?>
<testng-results ignored="0" total="6" passed="5" failed="1" skipped="0">
  <reporter-output>
  </reporter-output>
  <suite started-at="2023-08-03T13:09:09 IST" name="Suite" finished-at="2023-08-03T13:12:02 IST" duration-ms="172810">
    <groups>
    </groups>
    <test started-at="2023-08-03T13:09:09 IST" name="Test" finished-at="2023-08-03T13:12:02 IST" duration-ms="172810">
      <class name="tests.AmazonTest">
        <test-method is-config="true" signature="openAmazonPage()[pri:0, instance:tests.AmazonTest@62150f9e]" started-at="2023-08-03T13:09:09 IST" name="openAmazonPage" finished-at="2023-08-03T13:09:09 IST" duration-ms="16" status="PASS">
          <reporter-output>
          </reporter-output>
        </test-method> <!-- openAmazonPage -->
        <test-method signature="Login()[pri:1, instance:tests.AmazonTest@62150f9e]" started-at="2023-08-03T13:09:09 IST" name="Login" finished-at="2023-08-03T13:10:36 IST" duration-ms="86763" status="PASS">
          <reporter-output>
          </reporter-output>
        </test-method> <!-- Login -->
        <test-method is-config="true" signature="closure()[pri:0, instance:tests.AmazonTest@62150f9e]" started-at="2023-08-03T13:10:36 IST" name="closure" finished-at="2023-08-03T13:10:38 IST" duration-ms="1511" status="PASS">
          <reporter-output>
          </reporter-output>
        </test-method> <!-- closure -->
        <test-method is-config="true" signature="openAmazonPage()[pri:0, instance:tests.AmazonTest@62150f9e]" started-at="2023-08-03T13:10:38 IST" name="openAmazonPage" finished-at="2023-08-03T13:10:38 IST" duration-ms="0" status="PASS">
          <reporter-output>
          </reporter-output>
        </test-method> <!-- openAmazonPage -->
        <test-method signature="NavigateToPhonesAccessories()[pri:0, instance:tests.AmazonTest@62150f9e]" started-at="2023-08-03T13:10:38 IST" name="NavigateToPhonesAccessories" finished-at="2023-08-03T13:10:55 IST" depends-on-methods="tests.AmazonTest.Login" duration-ms="17015" status="PASS">
          <reporter-output>
          </reporter-output>
        </test-method> <!-- NavigateToPhonesAccessories -->
        <test-method is-config="true" signature="closure()[pri:0, instance:tests.AmazonTest@62150f9e]" started-at="2023-08-03T13:10:55 IST" name="closure" finished-at="2023-08-03T13:10:55 IST" duration-ms="254" status="PASS">
          <reporter-output>
          </reporter-output>
        </test-method> <!-- closure -->
        <test-method is-config="true" signature="openAmazonPage()[pri:0, instance:tests.AmazonTest@62150f9e]" started-at="2023-08-03T13:10:55 IST" name="openAmazonPage" finished-at="2023-08-03T13:10:55 IST" duration-ms="1" status="PASS">
          <reporter-output>
          </reporter-output>
        </test-method> <!-- openAmazonPage -->
        <test-method signature="NavigateToAccessoriesOne()[pri:0, instance:tests.AmazonTest@62150f9e]" started-at="2023-08-03T13:10:55 IST" name="NavigateToAccessoriesOne" finished-at="2023-08-03T13:11:16 IST" depends-on-methods="tests.AmazonTest.NavigateToPhonesAccessories" duration-ms="20776" status="PASS">
          <reporter-output>
          </reporter-output>
        </test-method> <!-- NavigateToAccessoriesOne -->
        <test-method is-config="true" signature="closure()[pri:0, instance:tests.AmazonTest@62150f9e]" started-at="2023-08-03T13:11:16 IST" name="closure" finished-at="2023-08-03T13:11:16 IST" duration-ms="181" status="PASS">
          <reporter-output>
          </reporter-output>
        </test-method> <!-- closure -->
        <test-method signature="ItemAddedToCart()[pri:0, instance:tests.AmazonTest@62150f9e]" started-at="2023-08-03T13:11:16 IST" name="ItemAddedToCart" finished-at="2023-08-03T13:11:25 IST" depends-on-methods="tests.AmazonTest.NavigateToAccessoriesOne" duration-ms="8845" status="PASS">
          <reporter-output>
          </reporter-output>
        </test-method> <!-- ItemAddedToCart -->
        <test-method is-config="true" signature="openAmazonPage()[pri:0, instance:tests.AmazonTest@62150f9e]" started-at="2023-08-03T13:11:16 IST" name="openAmazonPage" finished-at="2023-08-03T13:11:16 IST" duration-ms="0" status="PASS">
          <reporter-output>
          </reporter-output>
        </test-method> <!-- openAmazonPage -->
        <test-method is-config="true" signature="closure()[pri:0, instance:tests.AmazonTest@62150f9e]" started-at="2023-08-03T13:11:25 IST" name="closure" finished-at="2023-08-03T13:11:25 IST" duration-ms="236" status="PASS">
          <reporter-output>
          </reporter-output>
        </test-method> <!-- closure -->
        <test-method is-config="true" signature="openAmazonPage()[pri:0, instance:tests.AmazonTest@62150f9e]" started-at="2023-08-03T13:11:25 IST" name="openAmazonPage" finished-at="2023-08-03T13:11:25 IST" duration-ms="1" status="PASS">
          <reporter-output>
          </reporter-output>
        </test-method> <!-- openAmazonPage -->
        <test-method signature="NavigateToShoppingCart()[pri:0, instance:tests.AmazonTest@62150f9e]" started-at="2023-08-03T13:11:25 IST" name="NavigateToShoppingCart" finished-at="2023-08-03T13:11:40 IST" depends-on-methods="tests.AmazonTest.ItemAddedToCart" duration-ms="15292" status="PASS">
          <reporter-output>
          </reporter-output>
        </test-method> <!-- NavigateToShoppingCart -->
        <test-method is-config="true" signature="closure()[pri:0, instance:tests.AmazonTest@62150f9e]" started-at="2023-08-03T13:11:40 IST" name="closure" finished-at="2023-08-03T13:11:40 IST" duration-ms="130" status="PASS">
          <reporter-output>
          </reporter-output>
        </test-method> <!-- closure -->
        <test-method signature="navigateToCheckOut()[pri:0, instance:tests.AmazonTest@62150f9e]" started-at="2023-08-03T13:11:40 IST" name="navigateToCheckOut" finished-at="2023-08-03T13:12:02 IST" depends-on-methods="tests.AmazonTest.NavigateToShoppingCart" duration-ms="21100" status="FAIL">
          <exception class="org.openqa.selenium.NoSuchElementException">
            <message>
              <![CDATA[no such element: Unable to locate element: {"method":"xpath","selector":"//h3[normalize-space()='Orde Summary']"}
  (Session info: chrome=115.0.5790.111)
For documentation on this error, please visit: https://www.selenium.dev/documentation/webdriver/troubleshooting/errors#no-such-element-exception
Build info: version: '4.10.0', revision: 'c14d967899'
System info: os.name: 'Windows 10', os.arch: 'amd64', os.version: '10.0', java.version: '18.0.1.1'
Driver info: org.openqa.selenium.chrome.ChromeDriver
Command: [a5752ae375da75483345363719b71e8e, findElement {using=xpath, value=//h3[normalize-space()='Orde Summary']}]
Capabilities {acceptInsecureCerts: false, browserName: chrome, browserVersion: 115.0.5790.111, chrome: {chromedriverVersion: 115.0.5790.102 (90efd4b0ad6..., userDataDir: C:\Users\Avishka\AppData\Lo...}, goog:chromeOptions: {debuggerAddress: localhost:1400}, networkConnectionEnabled: false, pageLoadStrategy: normal, platformName: windows, proxy: Proxy(), se:cdp: ws://localhost:1400/devtool..., se:cdpVersion: 115.0.5790.111, setWindowRect: true, strictFileInteractability: false, timeouts: {implicit: 0, pageLoad: 300000, script: 30000}, unhandledPromptBehavior: dismiss and notify, webauthn:extension:credBlob: true, webauthn:extension:largeBlob: true, webauthn:extension:minPinLength: true, webauthn:extension:prf: true, webauthn:virtualAuthenticators: true}
Session ID: a5752ae375da75483345363719b71e8e]]>
            </message>
            <full-stacktrace>
              <![CDATA[org.openqa.selenium.NoSuchElementException: no such element: Unable to locate element: {"method":"xpath","selector":"//h3[normalize-space()='Orde Summary']"}
  (Session info: chrome=115.0.5790.111)
For documentation on this error, please visit: https://www.selenium.dev/documentation/webdriver/troubleshooting/errors#no-such-element-exception
Build info: version: '4.10.0', revision: 'c14d967899'
System info: os.name: 'Windows 10', os.arch: 'amd64', os.version: '10.0', java.version: '18.0.1.1'
Driver info: org.openqa.selenium.chrome.ChromeDriver
Command: [a5752ae375da75483345363719b71e8e, findElement {using=xpath, value=//h3[normalize-space()='Orde Summary']}]
Capabilities {acceptInsecureCerts: false, browserName: chrome, browserVersion: 115.0.5790.111, chrome: {chromedriverVersion: 115.0.5790.102 (90efd4b0ad6..., userDataDir: C:\Users\Avishka\AppData\Lo...}, goog:chromeOptions: {debuggerAddress: localhost:1400}, networkConnectionEnabled: false, pageLoadStrategy: normal, platformName: windows, proxy: Proxy(), se:cdp: ws://localhost:1400/devtool..., se:cdpVersion: 115.0.5790.111, setWindowRect: true, strictFileInteractability: false, timeouts: {implicit: 0, pageLoad: 300000, script: 30000}, unhandledPromptBehavior: dismiss and notify, webauthn:extension:credBlob: true, webauthn:extension:largeBlob: true, webauthn:extension:minPinLength: true, webauthn:extension:prf: true, webauthn:virtualAuthenticators: true}
Session ID: a5752ae375da75483345363719b71e8e
at java.base/jdk.internal.reflect.DirectConstructorHandleAccessor.newInstance(DirectConstructorHandleAccessor.java:67)
at java.base/java.lang.reflect.Constructor.newInstanceWithCaller(Constructor.java:499)
at java.base/java.lang.reflect.Constructor.newInstance(Constructor.java:483)
at org.openqa.selenium.remote.codec.w3c.W3CHttpResponseCodec.createException(W3CHttpResponseCodec.java:199)
at org.openqa.selenium.remote.codec.w3c.W3CHttpResponseCodec.decode(W3CHttpResponseCodec.java:132)
at org.openqa.selenium.remote.codec.w3c.W3CHttpResponseCodec.decode(W3CHttpResponseCodec.java:51)
at org.openqa.selenium.remote.HttpCommandExecutor.execute(HttpCommandExecutor.java:191)
at org.openqa.selenium.remote.service.DriverCommandExecutor.invokeExecute(DriverCommandExecutor.java:196)
at org.openqa.selenium.remote.service.DriverCommandExecutor.execute(DriverCommandExecutor.java:171)
at org.openqa.selenium.remote.RemoteWebDriver.execute(RemoteWebDriver.java:531)
at org.openqa.selenium.remote.ElementLocation$ElementFinder$2.findElement(ElementLocation.java:165)
at org.openqa.selenium.remote.ElementLocation.findElement(ElementLocation.java:59)
at org.openqa.selenium.remote.RemoteWebDriver.findElement(RemoteWebDriver.java:350)
at org.openqa.selenium.remote.RemoteWebDriver.findElement(RemoteWebDriver.java:344)
at org.openqa.selenium.support.pagefactory.DefaultElementLocator.findElement(DefaultElementLocator.java:68)
at org.openqa.selenium.support.pagefactory.internal.LocatingElementHandler.invoke(LocatingElementHandler.java:38)
at jdk.proxy2/jdk.proxy2.$Proxy21.isDisplayed(Unknown Source)
at tests.AmazonTest.navigateToCheckOut(AmazonTest.java:105)
at java.base/jdk.internal.reflect.DirectMethodHandleAccessor.invoke(DirectMethodHandleAccessor.java:104)
at java.base/java.lang.reflect.Method.invoke(Method.java:577)
at org.testng.internal.MethodInvocationHelper.invokeMethod(MethodInvocationHelper.java:133)
at org.testng.internal.TestInvoker.invokeMethod(TestInvoker.java:598)
at org.testng.internal.TestInvoker.invokeTestMethod(TestInvoker.java:173)
at org.testng.internal.MethodRunner.runInSequence(MethodRunner.java:46)
at org.testng.internal.TestInvoker$MethodInvocationAgent.invoke(TestInvoker.java:824)
at org.testng.internal.TestInvoker.invokeTestMethods(TestInvoker.java:146)
at org.testng.internal.TestMethodWorker.invokeTestMethods(TestMethodWorker.java:146)
at org.testng.internal.TestMethodWorker.run(TestMethodWorker.java:128)
at java.base/java.util.ArrayList.forEach(ArrayList.java:1511)
at org.testng.TestRunner.privateRun(TestRunner.java:794)
at org.testng.TestRunner.run(TestRunner.java:596)
at org.testng.SuiteRunner.runTest(SuiteRunner.java:377)
at org.testng.SuiteRunner.runSequentially(SuiteRunner.java:371)
at org.testng.SuiteRunner.privateRun(SuiteRunner.java:332)
at org.testng.SuiteRunner.run(SuiteRunner.java:276)
at org.testng.SuiteRunnerWorker.runSuite(SuiteRunnerWorker.java:53)
at org.testng.SuiteRunnerWorker.run(SuiteRunnerWorker.java:96)
at org.testng.TestNG.runSuitesSequentially(TestNG.java:1212)
at org.testng.TestNG.runSuitesLocally(TestNG.java:1134)
at org.testng.TestNG.runSuites(TestNG.java:1063)
at org.testng.TestNG.run(TestNG.java:1031)
at org.testng.remote.AbstractRemoteTestNG.run(AbstractRemoteTestNG.java:115)
at org.testng.remote.RemoteTestNG.initAndRun(RemoteTestNG.java:251)
at org.testng.remote.RemoteTestNG.main(RemoteTestNG.java:77)
]]>
            </full-stacktrace>
          </exception> <!-- org.openqa.selenium.NoSuchElementException -->
          <reporter-output>
          </reporter-output>
        </test-method> <!-- navigateToCheckOut -->
        <test-method is-config="true" signature="openAmazonPage()[pri:0, instance:tests.AmazonTest@62150f9e]" started-at="2023-08-03T13:11:40 IST" name="openAmazonPage" finished-at="2023-08-03T13:11:40 IST" duration-ms="0" status="PASS">
          <reporter-output>
          </reporter-output>
        </test-method> <!-- openAmazonPage -->
        <test-method is-config="true" signature="closure()[pri:0, instance:tests.AmazonTest@62150f9e]" started-at="2023-08-03T13:12:02 IST" name="closure" finished-at="2023-08-03T13:12:02 IST" duration-ms="152" status="PASS">
          <reporter-output>
          </reporter-output>
        </test-method> <!-- closure -->
      </class> <!-- tests.AmazonTest -->
    </test> <!-- Test -->
  </suite> <!-- Suite -->
</testng-results>
